Determining if the pthread_create exist failed with the following output:
Change Dir: /home/wbusch/Descargas/02_templates/alumnos/cmake-build-debug/CMakeFiles/CMakeTmp

Run Build Command:"/usr/bin/make" "cmTC_39986/fast"
/usr/bin/make -f CMakeFiles/cmTC_39986.dir/build.make CMakeFiles/cmTC_39986.dir/build
make[1]: se entra en el directorio '/home/wbusch/Descargas/02_templates/alumnos/cmake-build-debug/CMakeFiles/CMakeTmp'
Building C object CMakeFiles/cmTC_39986.dir/CheckSymbolExists.c.o
/usr/bin/cc    -o CMakeFiles/cmTC_39986.dir/CheckSymbolExists.c.o   -c /home/wbusch/Descargas/02_templates/alumnos/cmake-build-debug/CMakeFiles/CMakeTmp/CheckSymbolExists.c
Linking C executable cmTC_39986
/opt/clion-2017.2/bin/cmake/bin/cmake -E cmake_link_script CMakeFiles/cmTC_39986.dir/link.txt --verbose=1
/usr/bin/cc      -rdynamic CMakeFiles/cmTC_39986.dir/CheckSymbolExists.c.o  -o cmTC_39986 
CMakeFiles/cmTC_39986.dir/CheckSymbolExists.c.o: En la funci√≥n `main':
CheckSymbolExists.c:(.text+0x16): referencia a `pthread_create' sin definir
collect2: error: ld returned 1 exit status
CMakeFiles/cmTC_39986.dir/build.make:97: fallo en las instrucciones para el objetivo 'cmTC_39986'
make[1]: *** [cmTC_39986] Error 1
make[1]: se sale del directorio '/home/wbusch/Descargas/02_templates/alumnos/cmake-build-debug/CMakeFiles/CMakeTmp'
Makefile:126: fallo en las instrucciones para el objetivo 'cmTC_39986/fast'
make: *** [cmTC_39986/fast] Error 2

File /home/wbusch/Descargas/02_templates/alumnos/cmake-build-debug/CMakeFiles/CMakeTmp/CheckSymbolExists.c:
/* */
#include <pthread.h>

int main(int argc, char** argv)
{
  (void)argv;
#ifndef pthread_create
  return ((int*)(&pthread_create))[argc];
#else
  (void)argc;
  return 0;
#endif
}

Determining if the function pthread_create exists in the pthreads failed with the following output:
Change Dir: /home/wbusch/Descargas/02_templates/alumnos/cmake-build-debug/CMakeFiles/CMakeTmp

Run Build Command:"/usr/bin/make" "cmTC_b634e/fast"
/usr/bin/make -f CMakeFiles/cmTC_b634e.dir/build.make CMakeFiles/cmTC_b634e.dir/build
make[1]: se entra en el directorio '/home/wbusch/Descargas/02_templates/alumnos/cmake-build-debug/CMakeFiles/CMakeTmp'
Building C object CMakeFiles/cmTC_b634e.dir/CheckFunctionExists.c.o
/usr/bin/cc   -DCHECK_FUNCTION_EXISTS=pthread_create   -o CMakeFiles/cmTC_b634e.dir/CheckFunctionExists.c.o   -c /opt/clion-2017.2/bin/cmake/share/cmake-3.8/Modules/CheckFunctionExists.c
Linking C executable cmTC_b634e
/opt/clion-2017.2/bin/cmake/bin/cmake -E cmake_link_script CMakeFiles/cmTC_b634e.dir/link.txt --verbose=1
/usr/bin/cc  -DCHECK_FUNCTION_EXISTS=pthread_create    -rdynamic CMakeFiles/cmTC_b634e.dir/CheckFunctionExists.c.o  -o cmTC_b634e -lpthreads 
/usr/bin/ld: no se puede encontrar -lpthreads
collect2: error: ld returned 1 exit status
CMakeFiles/cmTC_b634e.dir/build.make:97: fallo en las instrucciones para el objetivo 'cmTC_b634e'
make[1]: *** [cmTC_b634e] Error 1
make[1]: se sale del directorio '/home/wbusch/Descargas/02_templates/alumnos/cmake-build-debug/CMakeFiles/CMakeTmp'
Makefile:126: fallo en las instrucciones para el objetivo 'cmTC_b634e/fast'
make: *** [cmTC_b634e/fast] Error 2


